AutosFeatureSelectionExecution-----------------------------------------------------------
GeneticSearch----------------------------------------------------------------------------
0,4,8,9,11,12,17,25 87.8048780487805
BCancerFeatureSelectionExecution---------------------------------------------------------
GeneticSearch----------------------------------------------------------------------------
2,3,5,6,9 76.57342657342657
DiabetesFeatureSelectionExecution--------------------------------------------------------
GeneticSearch----------------------------------------------------------------------------
0,1,7,8 71.484375
GlassFeatureSelectionExecution-----------------------------------------------------------
GeneticSearch----------------------------------------------------------------------------
0,1,2,5,6,7,9 78.97196261682242
HeartCFeatureSelectionExecution----------------------------------------------------------
GeneticSearch----------------------------------------------------------------------------
2,5,6,10,11,12,13 83.16831683168317
HeartStatlogFeatureSelectionExecution----------------------------------------------------------
GeneticSearch----------------------------------------------------------------------------
2,11,12,13 84.44444444444444
GeneticSearch----------------------------------------------------------------------------
2,5,11,12,13 83.33333333333333
GeneticSearch----------------------------------------------------------------------------
2,11,12,13 84.44444444444444
GeneticSearch----------------------------------------------------------------------------
2,11,12,13 84.44444444444444
GeneticSearch----------------------------------------------------------------------------
8,11,12,13 83.70370370370371
GeneticSearch----------------------------------------------------------------------------
0,1,2,4,5,6,8,11,12,13 83.70370370370371
GeneticSearch----------------------------------------------------------------------------
2,11,12,13 84.44444444444444
GeneticSearch----------------------------------------------------------------------------
8,11,12,13 83.70370370370371
GeneticSearch----------------------------------------------------------------------------
8,11,12,13 83.70370370370371
GeneticSearch----------------------------------------------------------------------------
8,11,12,13 83.70370370370371
HepaticFeatureSelectionExecution---------------------------------------------------------
GeneticSearch----------------------------------------------------------------------------
1,3,8,11,12,19 86.45161290322581
GeneticSearch----------------------------------------------------------------------------
3,7,8,10,12,17,18,19 89.03225806451613
GeneticSearch----------------------------------------------------------------------------
1,3,7,8,10,17,18,19 89.03225806451613
GeneticSearch----------------------------------------------------------------------------
1,8,11,12,19 86.45161290322581
GeneticSearch----------------------------------------------------------------------------
1,3,8,11,12,19 86.45161290322581
GeneticSearch----------------------------------------------------------------------------
1,8,11,12,19 86.45161290322581
GeneticSearch----------------------------------------------------------------------------
3,7,8,10,12,17,18,19 89.03225806451613
GeneticSearch----------------------------------------------------------------------------
1,8,11,12,19 86.45161290322581
GeneticSearch----------------------------------------------------------------------------
1,8,11,12,19 86.45161290322581
GeneticSearch----------------------------------------------------------------------------
1,8,11,12,19 86.45161290322581
IrisFeatureSelectionExecution------------------------------------------------------------
GeneticSearch----------------------------------------------------------------------------
2,3,4 96.0
GeneticSearch----------------------------------------------------------------------------
2,3,4 96.0
GeneticSearch----------------------------------------------------------------------------
2,3,4 96.0
GeneticSearch----------------------------------------------------------------------------
2,3,4 96.0
GeneticSearch----------------------------------------------------------------------------
2,3,4 96.0
GeneticSearch----------------------------------------------------------------------------
2,3,4 96.0
GeneticSearch----------------------------------------------------------------------------
2,3,4 96.0
GeneticSearch----------------------------------------------------------------------------
2,3,4 96.0
GeneticSearch----------------------------------------------------------------------------
2,3,4 96.0
GeneticSearch----------------------------------------------------------------------------
2,3,4 96.0
LaborFeatureSelectionExecution-----------------------------------------------------------
GeneticSearch----------------------------------------------------------------------------
0,2,5,7,10,12,16 100.0
GeneticSearch----------------------------------------------------------------------------
2,8,9,13,15,16 94.73684210526316
GeneticSearch----------------------------------------------------------------------------
0,1,2,5,8,9,12,13,15,16 96.49122807017544
GeneticSearch----------------------------------------------------------------------------
1,5,8,10,12,13,16 98.24561403508773
GeneticSearch----------------------------------------------------------------------------
1,2,5,9,10,12,13,15,16 94.73684210526316
GeneticSearch----------------------------------------------------------------------------
1,5,7,10,12,16 98.24561403508773
GeneticSearch----------------------------------------------------------------------------
0,2,5,7,10,12,16 100.0
GeneticSearch----------------------------------------------------------------------------
2,5,7,10,12,16 98.24561403508773
GeneticSearch----------------------------------------------------------------------------
0,2,5,7,10,12,16 100.0
GeneticSearch----------------------------------------------------------------------------
0,2,5,7,10,12,16 100.0
ImageSegmentationFeatureSelectionExecution-----------------------------------------------
GeneticSearch----------------------------------------------------------------------------
0,1,2,5,6,7,8,10,11,13,15,17,18,19 97.57575757575758
GeneticSearch----------------------------------------------------------------------------
0,1,6,7,11,13,15,16,17,18,19 97.66233766233766
GeneticSearch----------------------------------------------------------------------------
0,1,6,7,8,9,12,13,15,16,17,18,19 97.66233766233766
GeneticSearch----------------------------------------------------------------------------
0,1,7,8,9,11,12,13,15,17,18,19 97.74891774891775
GeneticSearch----------------------------------------------------------------------------
0,1,2,6,7,11,13,15,16,17,18,19 97.66233766233766
GeneticSearch----------------------------------------------------------------------------
0,1,2,6,7,9,10,11,13,15,16,17,18,19 97.61904761904762
GeneticSearch----------------------------------------------------------------------------
0,1,7,8,9,11,13,15,17,18,19 97.79220779220779
GeneticSearch----------------------------------------------------------------------------
0,1,2,5,6,7,10,11,13,15,17,18,19 97.57575757575758
GeneticSearch----------------------------------------------------------------------------
0,1,7,11,13,15,16,17,18,19 97.7056277056277
GeneticSearch----------------------------------------------------------------------------
0,1,7,11,13,15,16,17,18,19 97.7056277056277
