AutosFeatureSelectionExecution-----------------------------------------------------------
linearForward----------------------------------------------------------------------------
0,4,9,25 87.3170731707317
linearForward----------------------------------------------------------------------------
0,4,9,25 87.3170731707317
linearForward----------------------------------------------------------------------------
0,1,9,10,15,25 86.82926829268293
linearForward----------------------------------------------------------------------------
0,4,9,25 87.3170731707317
linearForward----------------------------------------------------------------------------
0,4,9,25 87.3170731707317
linearForward----------------------------------------------------------------------------
0,4,9,25 87.3170731707317
BCancerFeatureSelectionExecution---------------------------------------------------------
linearForward----------------------------------------------------------------------------
4,5,9 75.87412587412588
linearForward----------------------------------------------------------------------------
4,5,9 75.87412587412588
linearForward----------------------------------------------------------------------------
4,5,9 75.87412587412588
linearForward----------------------------------------------------------------------------
4,5,9 75.87412587412588
linearForward----------------------------------------------------------------------------
4,5,9 75.87412587412588
linearForward----------------------------------------------------------------------------
4,5,9 75.87412587412588
DiabetesFeatureSelectionExecution--------------------------------------------------------
linearForward----------------------------------------------------------------------------
0,1,5,7,8 70.18229166666667
linearForward----------------------------------------------------------------------------
0,1,5,7,8 70.18229166666667
linearForward----------------------------------------------------------------------------
0,1,5,7,8 70.18229166666667
linearForward----------------------------------------------------------------------------
0,1,5,7,8 70.18229166666667
linearForward----------------------------------------------------------------------------
1,8 70.05208333333333
linearForward----------------------------------------------------------------------------
0,1,5,7,8 70.18229166666667
GlassFeatureSelectionExecution-----------------------------------------------------------
linearForward----------------------------------------------------------------------------
0,2,3,5,6,7,9 77.57009345794393
linearForward----------------------------------------------------------------------------
0,2,3,5,6,7,9 77.57009345794393
linearForward----------------------------------------------------------------------------
0,2,3,5,6,7,9 77.57009345794393
linearForward----------------------------------------------------------------------------
0,2,3,5,6,7,9 77.57009345794393
linearForward----------------------------------------------------------------------------
0,2,3,5,6,7,9 77.57009345794393
linearForward----------------------------------------------------------------------------
0,2,3,5,6,7,9 77.57009345794393
HeartCFeatureSelectionExecution----------------------------------------------------------
linearForward----------------------------------------------------------------------------
2,11,12,13 83.16831683168317
linearForward----------------------------------------------------------------------------
2,11,12,13 83.16831683168317
linearForward----------------------------------------------------------------------------
2,11,12,13 83.16831683168317
linearForward----------------------------------------------------------------------------
2,11,12,13 83.16831683168317
linearForward----------------------------------------------------------------------------
2,11,12,13 83.16831683168317
linearForward----------------------------------------------------------------------------
2,11,12,13 83.16831683168317
HeartStatlogFeatureSelectionExecution----------------------------------------------------------
linearForward----------------------------------------------------------------------------
2,11,12,13 84.44444444444444
linearForward----------------------------------------------------------------------------
2,11,12,13 84.44444444444444
linearForward----------------------------------------------------------------------------
2,11,12,13 84.44444444444444
linearForward----------------------------------------------------------------------------
2,11,12,13 84.44444444444444
linearForward----------------------------------------------------------------------------
2,11,12,13 84.44444444444444
linearForward----------------------------------------------------------------------------
2,11,12,13 84.44444444444444
HepaticFeatureSelectionExecution---------------------------------------------------------
linearForward----------------------------------------------------------------------------
5,7,8,11,18,19 88.38709677419355
linearForward----------------------------------------------------------------------------
3,6,7,8,10,11,19 87.74193548387096
linearForward----------------------------------------------------------------------------
6,7,8,10,11,19 87.09677419354838
linearForward----------------------------------------------------------------------------
3,6,7,8,10,11,19 87.74193548387096
linearForward----------------------------------------------------------------------------
7,11,19 85.16129032258064
linearForward----------------------------------------------------------------------------
3,6,7,8,10,11,19 87.74193548387096
IrisFeatureSelectionExecution------------------------------------------------------------
linearForward----------------------------------------------------------------------------
2,3,4 96.0
linearForward----------------------------------------------------------------------------
2,3,4 96.0
linearForward----------------------------------------------------------------------------
2,3,4 96.0
linearForward----------------------------------------------------------------------------
2,3,4 96.0
linearForward----------------------------------------------------------------------------
2,3,4 96.0
linearForward----------------------------------------------------------------------------
2,3,4 96.0
LaborFeatureSelectionExecution-----------------------------------------------------------
linearForward----------------------------------------------------------------------------
5,6,7,8,15,16 94.73684210526316
linearForward----------------------------------------------------------------------------
5,6,7,8,15,16 94.73684210526316
linearForward----------------------------------------------------------------------------
1,6,12,13,15,16 91.2280701754386
linearForward----------------------------------------------------------------------------
5,6,7,8,15,16 94.73684210526316
linearForward----------------------------------------------------------------------------
6,12,15,16 91.2280701754386
linearForward----------------------------------------------------------------------------
5,6,7,8,15,16 94.73684210526316
ImageSegmentationFeatureSelectionExecution-----------------------------------------------
linearForward----------------------------------------------------------------------------
1,6,8,12,18,19 97.27272727272727
linearForward----------------------------------------------------------------------------
1,6,8,12,18,19 97.27272727272727
linearForward----------------------------------------------------------------------------
1,12,14,15,18,19 97.22943722943722
linearForward----------------------------------------------------------------------------
1,6,8,12,18,19 97.27272727272727
linearForward----------------------------------------------------------------------------
1,6,8,12,18,19 97.27272727272727
linearForward----------------------------------------------------------------------------
1,6,7,8,10,12,13,15,18,19 97.44588744588745
