AutosFeatureSelectionExecution-----------------------------------------------------------
BestFirst----------------------------------------------------------------------------
0,4,9,25 87.3170731707317
BestFirst----------------------------------------------------------------------------
0,4,9,25 87.3170731707317
BestFirst----------------------------------------------------------------------------
0,4,9,25 87.3170731707317
BestFirst----------------------------------------------------------------------------
0,4,9,25 87.3170731707317
BCancerFeatureSelectionExecution---------------------------------------------------------
BestFirst----------------------------------------------------------------------------
4,5,9 75.87412587412588
BestFirst----------------------------------------------------------------------------
4,5,9 75.87412587412588
BestFirst----------------------------------------------------------------------------
4,5,9 75.87412587412588
BestFirst----------------------------------------------------------------------------
4,5,9 75.87412587412588
DiabetesFeatureSelectionExecution--------------------------------------------------------
BestFirst----------------------------------------------------------------------------
0,1,5,7,8 70.18229166666667
BestFirst----------------------------------------------------------------------------
0,1,5,7,8 70.18229166666667
BestFirst----------------------------------------------------------------------------
1,8 70.05208333333333
BestFirst----------------------------------------------------------------------------
0,1,5,7,8 70.18229166666667
GlassFeatureSelectionExecution-----------------------------------------------------------
BestFirst----------------------------------------------------------------------------
0,2,3,5,6,7,9 77.57009345794393
BestFirst----------------------------------------------------------------------------
0,2,3,5,6,7,9 77.57009345794393
BestFirst----------------------------------------------------------------------------
0,2,3,5,6,7,9 77.57009345794393
BestFirst----------------------------------------------------------------------------
0,2,3,5,6,7,9 77.57009345794393
HeartCFeatureSelectionExecution----------------------------------------------------------
BestFirst----------------------------------------------------------------------------
2,11,12,13 83.16831683168317
BestFirst----------------------------------------------------------------------------
2,11,12,13 83.16831683168317
BestFirst----------------------------------------------------------------------------
2,11,12,13 83.16831683168317
BestFirst----------------------------------------------------------------------------
2,11,12,13 83.16831683168317
HeartStatlogFeatureSelectionExecution----------------------------------------------------------
BestFirst----------------------------------------------------------------------------
2,11,12,13 84.44444444444444
BestFirst----------------------------------------------------------------------------
2,11,12,13 84.44444444444444
BestFirst----------------------------------------------------------------------------
2,11,12,13 84.44444444444444
BestFirst----------------------------------------------------------------------------
2,11,12,13 84.44444444444444
HepaticFeatureSelectionExecution---------------------------------------------------------
BestFirst----------------------------------------------------------------------------
5,7,8,11,18,19 88.38709677419355
BestFirst----------------------------------------------------------------------------
5,7,8,11,18,19 88.38709677419355
BestFirst----------------------------------------------------------------------------
7,11,19 85.16129032258064
BestFirst----------------------------------------------------------------------------
5,7,8,11,18,19 88.38709677419355
IrisFeatureSelectionExecution------------------------------------------------------------
BestFirst----------------------------------------------------------------------------
2,3,4 96.0
BestFirst----------------------------------------------------------------------------
2,3,4 96.0
BestFirst----------------------------------------------------------------------------
2,3,4 96.0
BestFirst----------------------------------------------------------------------------
2,3,4 96.0
LaborFeatureSelectionExecution-----------------------------------------------------------
BestFirst----------------------------------------------------------------------------
5,6,7,8,15,16 94.73684210526316
BestFirst----------------------------------------------------------------------------
5,6,7,8,15,16 94.73684210526316
BestFirst----------------------------------------------------------------------------
5,6,7,8,15,16 94.73684210526316
BestFirst----------------------------------------------------------------------------
5,6,7,8,15,16 94.73684210526316
ImageSegmentationFeatureSelectionExecution-----------------------------------------------
BestFirst----------------------------------------------------------------------------
1,6,8,12,18,19 97.27272727272727
BestFirst----------------------------------------------------------------------------
1,6,8,12,18,19 97.27272727272727
BestFirst----------------------------------------------------------------------------
1,6,8,12,18,19 97.27272727272727
BestFirst----------------------------------------------------------------------------
1,6,7,8,10,12,13,15,18,19 97.44588744588745
