AutosFeatureSelectionExecution-----------------------------------------------------------
GreedyStepWise----------------------------------------------------------------------------
0,4,7,9,25 87.3170731707317
BCancerFeatureSelectionExecution---------------------------------------------------------
GreedyStepWise----------------------------------------------------------------------------
4,5,9 75.87412587412588
DiabetesFeatureSelectionExecution--------------------------------------------------------
GreedyStepWise----------------------------------------------------------------------------
1,8 70.05208333333333
GlassFeatureSelectionExecution-----------------------------------------------------------
GreedyStepWise----------------------------------------------------------------------------
0,2,3,5,6,7,9 77.57009345794393
HeartCFeatureSelectionExecution----------------------------------------------------------
GreedyStepWise----------------------------------------------------------------------------
2,11,12,13 83.16831683168317
HeartStatlogFeatureSelectionExecution----------------------------------------------------------
GreedyStepWise----------------------------------------------------------------------------
2,11,12,13 84.44444444444444
HepaticFeatureSelectionExecution---------------------------------------------------------
GreedyStepWise----------------------------------------------------------------------------
6,7,9,11,19 85.16129032258064
IrisFeatureSelectionExecution------------------------------------------------------------
GreedyStepWise----------------------------------------------------------------------------
2,3,4 96.0
LaborFeatureSelectionExecution-----------------------------------------------------------
GreedyStepWise----------------------------------------------------------------------------
1,2,3,5,6,7,8,9,10,12,13,14,15,16 94.73684210526316
ImageSegmentationFeatureSelectionExecution-----------------------------------------------
GreedyStepWise----------------------------------------------------------------------------
1,2,6,8,12,18,19 97.27272727272727
