AutosFeatureSelectionExecution-----------------------------------------------------------
scatterSearchV1----------------------------------------------------------------------------
0,4,9,25 87.3170731707317
scatterSearchV1----------------------------------------------------------------------------
0,4,9,25 87.3170731707317
BCancerFeatureSelectionExecution---------------------------------------------------------
scatterSearchV1----------------------------------------------------------------------------
1,2,4,5,8,9 76.92307692307692
scatterSearchV1----------------------------------------------------------------------------
1,2,4,5,8,9 76.92307692307692
DiabetesFeatureSelectionExecution--------------------------------------------------------
scatterSearchV1----------------------------------------------------------------------------
0,1,7,8 71.484375
scatterSearchV1----------------------------------------------------------------------------
0,1,7,8 71.484375
GlassFeatureSelectionExecution-----------------------------------------------------------
scatterSearchV1----------------------------------------------------------------------------
0,1,2,5,6,7,9 78.97196261682242
scatterSearchV1----------------------------------------------------------------------------
0,1,2,5,6,7,9 78.97196261682242
HeartCFeatureSelectionExecution----------------------------------------------------------
scatterSearchV1----------------------------------------------------------------------------
2,11,12,13 83.16831683168317
scatterSearchV1----------------------------------------------------------------------------
2,11,12,13 83.16831683168317
HeartStatlogFeatureSelectionExecution----------------------------------------------------------
scatterSearchV1----------------------------------------------------------------------------
2,11,12,13 84.44444444444444
scatterSearchV1----------------------------------------------------------------------------
2,11,12,13 84.44444444444444
HepaticFeatureSelectionExecution---------------------------------------------------------
scatterSearchV1----------------------------------------------------------------------------
1,8,11,12,19 86.45161290322581
scatterSearchV1----------------------------------------------------------------------------
1,8,11,12,19 86.45161290322581
IrisFeatureSelectionExecution------------------------------------------------------------
scatterSearchV1----------------------------------------------------------------------------
2,3,4 95.33333333333333
scatterSearchV1----------------------------------------------------------------------------
2,3,4 95.33333333333333
LaborFeatureSelectionExecution-----------------------------------------------------------
scatterSearchV1----------------------------------------------------------------------------
2,8,9,13,15,16 94.73684210526316
scatterSearchV1----------------------------------------------------------------------------
2,8,9,13,15,16 94.73684210526316
ImageSegmentationFeatureSelectionExecution-----------------------------------------------
scatterSearchV1----------------------------------------------------------------------------
