AutosFeatureSelectionExecution-----------------------------------------------------------
PSOSearch----------------------------------------------------------------------------
0,1,4,8,9,12,17,18,25 85.85365853658537
PSOSearch----------------------------------------------------------------------------
0,4,5,8,11,25 85.36585365853658
PSOSearch----------------------------------------------------------------------------
0,1,4,8,9,11,12,15,25 86.82926829268293
PSOSearch----------------------------------------------------------------------------
0,4,8,9,11,12,25 87.3170731707317
PSOSearch----------------------------------------------------------------------------
0,1,4,9,11,12,15,25 86.82926829268293
PSOSearch----------------------------------------------------------------------------
0,1,4,9,11,15,25 87.3170731707317
PSOSearch----------------------------------------------------------------------------
0,4,8,9,11,17,24,25 86.82926829268293
PSOSearch----------------------------------------------------------------------------
0,8,9,11,17,24,25 86.34146341463415
PSOSearch----------------------------------------------------------------------------
0,1,4,11,13,15,25 86.34146341463415
PSOSearch----------------------------------------------------------------------------
0,1,4,8,9,11,12,15,25 86.82926829268293
PSOSearch----------------------------------------------------------------------------
0,1,4,9,11,12,15,25 86.82926829268293
PSOSearch----------------------------------------------------------------------------
0,1,4,9,11,12,15,25 86.82926829268293
PSOSearch----------------------------------------------------------------------------
0,4,9,25 87.3170731707317
PSOSearch----------------------------------------------------------------------------
0,4,7,8,9,11,12,17,25 87.8048780487805
BCancerFeatureSelectionExecution---------------------------------------------------------
PSOSearch----------------------------------------------------------------------------
3,4,5,9 75.87412587412588
PSOSearch----------------------------------------------------------------------------
4,5,9 75.87412587412588
PSOSearch----------------------------------------------------------------------------
4,5,9 75.87412587412588
PSOSearch----------------------------------------------------------------------------
4,5,9 75.87412587412588
PSOSearch----------------------------------------------------------------------------
4,5,9 75.87412587412588
PSOSearch----------------------------------------------------------------------------
4,5,9 75.87412587412588
PSOSearch----------------------------------------------------------------------------
1,2,4,5,8,9 76.92307692307692
PSOSearch----------------------------------------------------------------------------
2,4,5,6,9 76.22377622377623
PSOSearch----------------------------------------------------------------------------
4,5,9 75.87412587412588
PSOSearch----------------------------------------------------------------------------
1,2,4,5,8,9 76.92307692307692
PSOSearch----------------------------------------------------------------------------
4,5,9 75.87412587412588
PSOSearch----------------------------------------------------------------------------
4,5,9 75.87412587412588
PSOSearch----------------------------------------------------------------------------
4,5,9 75.87412587412588
PSOSearch----------------------------------------------------------------------------
4,5,9 75.87412587412588
DiabetesFeatureSelectionExecution--------------------------------------------------------
PSOSearch----------------------------------------------------------------------------
0,1,7,8 71.484375
PSOSearch----------------------------------------------------------------------------
0,1,7,8 71.484375
PSOSearch----------------------------------------------------------------------------
0,1,7,8 71.484375
PSOSearch----------------------------------------------------------------------------
0,1,7,8 71.484375
PSOSearch----------------------------------------------------------------------------
0,1,7,8 71.484375
PSOSearch----------------------------------------------------------------------------
0,1,7,8 71.484375
PSOSearch----------------------------------------------------------------------------
0,1,7,8 71.484375
PSOSearch----------------------------------------------------------------------------
0,1,7,8 71.484375
PSOSearch----------------------------------------------------------------------------
0,1,2,3,4,5,6,7,8 70.18229166666667
PSOSearch----------------------------------------------------------------------------
0,1,7,8 71.484375
PSOSearch----------------------------------------------------------------------------
0,1,7,8 71.484375
PSOSearch----------------------------------------------------------------------------
0,1,7,8 71.484375
PSOSearch----------------------------------------------------------------------------
0,1,7,8 71.484375
PSOSearch----------------------------------------------------------------------------
0,1,7,8 71.484375
GlassFeatureSelectionExecution-----------------------------------------------------------
PSOSearch----------------------------------------------------------------------------
0,1,2,5,6,7,9 78.97196261682242
PSOSearch----------------------------------------------------------------------------
0,1,2,5,6,7,9 78.97196261682242
PSOSearch----------------------------------------------------------------------------
0,1,2,5,6,7,9 78.97196261682242
PSOSearch----------------------------------------------------------------------------
0,1,2,5,6,7,9 78.97196261682242
PSOSearch----------------------------------------------------------------------------
0,1,2,5,6,7,9 78.97196261682242
PSOSearch----------------------------------------------------------------------------
0,1,2,5,6,7,9 78.97196261682242
PSOSearch----------------------------------------------------------------------------
0,1,2,5,6,7,9 78.97196261682242
PSOSearch----------------------------------------------------------------------------
0,1,2,4,5,6,7,9 77.10280373831776
PSOSearch----------------------------------------------------------------------------
0,1,2,5,6,7,9 78.97196261682242
PSOSearch----------------------------------------------------------------------------
0,1,2,5,6,7,9 78.97196261682242
PSOSearch----------------------------------------------------------------------------
0,1,2,5,6,7,9 78.97196261682242
PSOSearch----------------------------------------------------------------------------
0,1,2,5,6,7,9 78.97196261682242
PSOSearch----------------------------------------------------------------------------
0,2,3,5,6,7,9 77.57009345794393
PSOSearch----------------------------------------------------------------------------
0,1,2,5,6,7,9 78.97196261682242
HeartCFeatureSelectionExecution----------------------------------------------------------
PSOSearch----------------------------------------------------------------------------
2,5,6,10,11,12,13 83.16831683168317
PSOSearch----------------------------------------------------------------------------
8,11,12,13 81.84818481848185
PSOSearch----------------------------------------------------------------------------
1,2,5,6,8,11,13 83.16831683168317
PSOSearch----------------------------------------------------------------------------
1,8,10,11,13 81.84818481848185
PSOSearch----------------------------------------------------------------------------
8,11,12,13 81.84818481848185
PSOSearch----------------------------------------------------------------------------
8,11,12,13 81.84818481848185
PSOSearch----------------------------------------------------------------------------
1,3,5,8,10,11,13 83.16831683168317
PSOSearch----------------------------------------------------------------------------
1,3,5,8,10,11,13 83.16831683168317
PSOSearch----------------------------------------------------------------------------
8,11,12,13 81.84818481848185
PSOSearch----------------------------------------------------------------------------
0,1,2,4,5,6,7,8,10,11,13 81.18811881188118
PSOSearch----------------------------------------------------------------------------
8,11,12,13 81.84818481848185
PSOSearch----------------------------------------------------------------------------
8,11,12,13 81.84818481848185
PSOSearch----------------------------------------------------------------------------
8,11,12,13 81.84818481848185
PSOSearch----------------------------------------------------------------------------
2,11,12,13 83.16831683168317
HeartStatlogFeatureSelectionExecution----------------------------------------------------------
PSOSearch----------------------------------------------------------------------------
8,11,12,13 83.70370370370371
PSOSearch----------------------------------------------------------------------------
2,11,12,13 84.44444444444444
PSOSearch----------------------------------------------------------------------------
1,2,11,12,13 82.22222222222223
PSOSearch----------------------------------------------------------------------------
0,1,2,4,5,8,9,11,12,13 81.48148148148148
PSOSearch----------------------------------------------------------------------------
2,11,12,13 84.44444444444444
PSOSearch----------------------------------------------------------------------------
2,11,12,13 84.44444444444444
PSOSearch----------------------------------------------------------------------------
2,11,12,13 84.44444444444444
PSOSearch----------------------------------------------------------------------------
3,5,8,10,11,13 79.62962962962963
PSOSearch----------------------------------------------------------------------------
2,11,12,13 84.44444444444444
PSOSearch----------------------------------------------------------------------------
1,2,11,12,13 82.22222222222223
PSOSearch----------------------------------------------------------------------------
2,11,12,13 84.44444444444444
PSOSearch----------------------------------------------------------------------------
2,11,12,13 84.44444444444444
PSOSearch----------------------------------------------------------------------------
2,11,12,13 84.44444444444444
PSOSearch----------------------------------------------------------------------------
0,1,2,8,9,10,11,12,13 82.22222222222223
HepaticFeatureSelectionExecution---------------------------------------------------------
PSOSearch----------------------------------------------------------------------------
3,8,11,12,19 85.80645161290323
PSOSearch----------------------------------------------------------------------------
1,8,11,12,19 86.45161290322581
PSOSearch----------------------------------------------------------------------------
7,8,10,12,17,18,19 87.09677419354838
PSOSearch----------------------------------------------------------------------------
3,7,8,10,12,17,18,19 89.03225806451613
PSOSearch----------------------------------------------------------------------------
1,2,4,11,17,19 87.09677419354838
PSOSearch----------------------------------------------------------------------------
1,3,8,11,12,19 86.45161290322581
PSOSearch----------------------------------------------------------------------------
3,7,8,10,12,17,18,19 89.03225806451613
PSOSearch----------------------------------------------------------------------------
1,8,11,12,19 86.45161290322581
PSOSearch----------------------------------------------------------------------------
3,8,10,11,12,18,19 88.38709677419355
PSOSearch----------------------------------------------------------------------------
0,1,5,6,12,14,16,17,19 89.03225806451613
PSOSearch----------------------------------------------------------------------------
1,2,4,11,17,19 87.09677419354838
PSOSearch----------------------------------------------------------------------------
1,2,4,11,17,19 87.09677419354838
PSOSearch----------------------------------------------------------------------------
1,4,11,17,18,19 86.45161290322581
PSOSearch----------------------------------------------------------------------------
1,8,11,12,19 86.45161290322581
IrisFeatureSelectionExecution------------------------------------------------------------
PSOSearch----------------------------------------------------------------------------
2,3,4 96.0
PSOSearch----------------------------------------------------------------------------
2,3,4 96.0
PSOSearch----------------------------------------------------------------------------
2,3,4 96.0
PSOSearch----------------------------------------------------------------------------
2,3,4 96.0
PSOSearch----------------------------------------------------------------------------
2,3,4 96.0
PSOSearch----------------------------------------------------------------------------
2,3,4 96.0
PSOSearch----------------------------------------------------------------------------
2,3,4 96.0
PSOSearch----------------------------------------------------------------------------
2,3,4 96.0
PSOSearch----------------------------------------------------------------------------
2,3,4 96.0
PSOSearch----------------------------------------------------------------------------
2,3,4 96.0
PSOSearch----------------------------------------------------------------------------
2,3,4 96.0
PSOSearch----------------------------------------------------------------------------
2,3,4 96.0
PSOSearch----------------------------------------------------------------------------
2,3,4 96.0
PSOSearch----------------------------------------------------------------------------
2,3,4 96.0
LaborFeatureSelectionExecution-----------------------------------------------------------
PSOSearch----------------------------------------------------------------------------
1,2,5,10,12,13,16 98.24561403508773
PSOSearch----------------------------------------------------------------------------
2,9,12,13,15,16 94.73684210526316
PSOSearch----------------------------------------------------------------------------
0,1,2,5,8,9,12,13,15,16 96.49122807017544
PSOSearch----------------------------------------------------------------------------
1,5,10,12,13,16 98.24561403508773
PSOSearch----------------------------------------------------------------------------
1,5,10,12,16 98.24561403508773
PSOSearch----------------------------------------------------------------------------
1,5,10,12,15,16 98.24561403508773
PSOSearch----------------------------------------------------------------------------
0,1,2,5,8,9,12,13,15,16 96.49122807017544
PSOSearch----------------------------------------------------------------------------
2,9,12,13,15,16 94.73684210526316
PSOSearch----------------------------------------------------------------------------
1,5,10,12,15,16 98.24561403508773
PSOSearch----------------------------------------------------------------------------
0,2,5,8,9,10,12,15,16 98.24561403508773
PSOSearch----------------------------------------------------------------------------
1,5,10,12,15,16 98.24561403508773
PSOSearch----------------------------------------------------------------------------
1,5,10,12,15,16 98.24561403508773
PSOSearch----------------------------------------------------------------------------
1,2,5,7,10,12,13,16 98.24561403508773
PSOSearch----------------------------------------------------------------------------
2,9,12,13,15,16 94.73684210526316
ImageSegmentationFeatureSelectionExecution-----------------------------------------------
PSOSearch----------------------------------------------------------------------------
0,1,7,8,11,12,13,15,17,18,19 97.7056277056277
PSOSearch----------------------------------------------------------------------------
0,1,7,8,9,10,12,13,15,17,18,19 97.74891774891775
PSOSearch----------------------------------------------------------------------------
0,1,6,7,8,10,11,13,15,16,17,18,19 97.61904761904762
PSOSearch----------------------------------------------------------------------------
0,1,7,8,11,13,15,16,17,18,19 97.74891774891775
PSOSearch----------------------------------------------------------------------------
0,1,7,8,9,11,13,15,17,18,19 97.79220779220779
PSOSearch----------------------------------------------------------------------------
0,1,6,7,8,9,10,11,13,15,17,18,19 97.61904761904762
PSOSearch----------------------------------------------------------------------------
0,1,7,8,9,11,13,15,17,18,19 97.79220779220779
PSOSearch----------------------------------------------------------------------------
0,1,7,8,9,10,13,15,16,17,18,19 97.74891774891775
PSOSearch----------------------------------------------------------------------------
0,1,5,10,11,13,15,17,18,19 97.53246753246754
PSOSearch----------------------------------------------------------------------------
0,1,2,7,8,9,11,12,13,15,17,18,19 97.74891774891775
PSOSearch----------------------------------------------------------------------------
0,1,6,7,8,9,11,13,15,17,18,19 97.66233766233766
PSOSearch----------------------------------------------------------------------------
0,1,6,7,8,9,11,13,15,17,18,19 97.66233766233766
PSOSearch----------------------------------------------------------------------------
0,1,7,8,9,11,13,15,17,18,19 97.79220779220779
PSOSearch----------------------------------------------------------------------------
0,1,7,8,9,11,13,15,17,18,19 97.79220779220779
