executeFullFeaturesWithNoFilters
Full 80.64516129032258 %
executeWithNoFilter
Feature Selection START--------------------------------------------------------------------------------------------------------
Runtime [100], Limit [10], MR [0.01], perturbation [USE_MR
Best FoodSource [ features = [false, false, false, false, false, false, false, false, false, false, false, true, false, false, false, false, true, false, false], fitness = 85.80645161290323 %, limit = 0, nrFeatures = 2 ]
Executado na iteração 0
Best FoodSource [ features = [false, false, false, false, false, false, false, false, false, false, false, true, false, false, false, false, true, false, false], fitness = 85.80645161290323 %, limit = 0, nrFeatures = 2 ]
Executado na iteração 1
Best FoodSource [ features = [false, false, false, false, false, false, false, false, false, false, false, true, false, false, false, false, true, false, false], fitness = 85.80645161290323 %, limit = 0, nrFeatures = 2 ]
Executado na iteração 2
Best FoodSource [ features = [false, false, false, false, false, false, false, false, false, false, false, true, false, false, false, false, true, false, false], fitness = 85.80645161290323 %, limit = 0, nrFeatures = 2 ]
Executado na iteração 3
Best FoodSource [ features = [false, false, false, false, false, false, false, false, false, false, false, true, false, false, false, false, true, false, false], fitness = 85.80645161290323 %, limit = 0, nrFeatures = 2 ]
Executado na iteração 4
Best FoodSource [ features = [true, false, false, false, false, false, true, true, false, false, false, false, false, true, false, false, true, true, false], fitness = 87.09677419354838 %, limit = 0, nrFeatures = 6 ]
Executado na iteração 5
Best FoodSource [ features = [false, true, false, true, true, false, false, false, false, false, true, false, false, true, false, false, true, false, false], fitness = 89.03225806451613 %, limit = 0, nrFeatures = 6 ]
Executado na iteração 6
Best FoodSource [ features = [false, true, false, true, true, false, false, false, false, false, true, false, false, true, false, false, true, false, false], fitness = 89.03225806451613 %, limit = 0, nrFeatures = 6 ]
Executado na iteração 7
Best FoodSource [ features = [false, true, false, true, true, false, false, false, false, false, true, false, false, true, false, false, true, false, false], fitness = 89.03225806451613 %, limit = 0, nrFeatures = 6 ]
Executado na iteração 8
Best FoodSource [ features = [false, true, false, true, true, false, false, false, false, false, true, false, false, true, false, false, true, false, false], fitness = 89.03225806451613 %, limit = 0, nrFeatures = 6 ]
Executado na iteração 9
Best FoodSource [ features = [false, true, false, true, true, false, false, false, false, false, true, false, false, true, false, false, true, false, false], fitness = 89.03225806451613 %, limit = 0, nrFeatures = 6 ]
Executado na iteração 10
Best FoodSource [ features = [false, true, false, true, true, false, false, false, false, false, true, false, false, true, false, false, true, false, false], fitness = 89.03225806451613 %, limit = 0, nrFeatures = 6 ]
Executado na iteração 11
Best FoodSource [ features = [true, true, false, false, true, false, false, true, false, false, false, true, false, true, false, true, false, true, false], fitness = 89.6774193548387 %, limit = 0, nrFeatures = 8 ]
Executado na iteração 12
Best FoodSource [ features = [true, true, false, false, true, false, false, true, false, false, false, true, false, true, false, true, false, true, false], fitness = 89.6774193548387 %, limit = 0, nrFeatures = 8 ]
Executado na iteração 13
Best FoodSource [ features = [true, true, false, false, true, false, false, true, false, false, false, true, false, true, false, true, false, true, false], fitness = 89.6774193548387 %, limit = 0, nrFeatures = 8 ]
Executado na iteração 14
Best FoodSource [ features = [true, true, false, false, true, false, false, true, false, false, false, true, false, true, false, true, false, true, false], fitness = 89.6774193548387 %, limit = 0, nrFeatures = 8 ]
Executado na iteração 15
Best FoodSource [ features = [true, true, false, false, false, false, false, false, true, true, true, true, false, true, true, true, true, false, false], fitness = 90.96774193548387 %, limit = 0, nrFeatures = 10 ]
Executado na iteração 16
Best FoodSource [ features = [true, true, false, false, false, false, false, false, true, true, true, true, false, true, true, true, true, false, false], fitness = 90.96774193548387 %, limit = 0, nrFeatures = 10 ]
Executado na iteração 17
Best FoodSource [ features = [true, true, false, false, false, false, false, false, true, true, true, true, false, true, true, true, true, false, false], fitness = 90.96774193548387 %, limit = 0, nrFeatures = 10 ]
Executado na iteração 18
Best FoodSource [ features = [true, true, false, false, false, false, false, false, true, true, true, true, false, true, true, true, true, false, false], fitness = 90.96774193548387 %, limit = 0, nrFeatures = 10 ]
Executado na iteração 19
Best FoodSource [ features = [true, true, false, false, false, false, false, false, true, true, true, true, false, true, true, true, true, false, false], fitness = 90.96774193548387 %, limit = 0, nrFeatures = 10 ]
Executado na iteração 20
Best FoodSource [ features = [true, true, false, false, false, false, false, false, true, true, true, true, false, true, true, true, true, false, false], fitness = 90.96774193548387 %, limit = 0, nrFeatures = 10 ]
Executado na iteração 21
Best FoodSource [ features = [true, true, false, false, false, false, false, false, true, true, true, true, false, true, true, true, true, false, false], fitness = 90.96774193548387 %, limit = 0, nrFeatures = 10 ]
Executado na iteração 22
Best FoodSource [ features = [true, true, false, false, false, false, false, false, true, true, true, true, false, true, true, true, true, false, false], fitness = 90.96774193548387 %, limit = 0, nrFeatures = 10 ]
Executado na iteração 23
Best FoodSource [ features = [true, true, false, false, false, false, false, false, true, true, true, true, false, true, true, true, true, false, false], fitness = 90.96774193548387 %, limit = 0, nrFeatures = 10 ]
Executado na iteração 24
Best FoodSource [ features = [true, true, false, false, false, false, false, false, true, true, true, true, false, true, true, true, true, false, false], fitness = 90.96774193548387 %, limit = 0, nrFeatures = 10 ]
Executado na iteração 25
Best FoodSource [ features = [true, true, false, false, false, false, false, false, true, true, true, true, false, true, true, true, true, false, false], fitness = 90.96774193548387 %, limit = 0, nrFeatures = 10 ]
Executado na iteração 26
Best FoodSource [ features = [true, true, false, false, false, false, false, false, true, true, true, true, false, true, true, true, true, false, false], fitness = 90.96774193548387 %, limit = 0, nrFeatures = 10 ]
Executado na iteração 27
Best FoodSource [ features = [true, true, false, false, false, false, false, false, true, true, true, true, false, true, true, true, true, false, false], fitness = 90.96774193548387 %, limit = 0, nrFeatures = 10 ]
Executado na iteração 28
Best FoodSource [ features = [true, true, false, false, false, false, false, false, true, true, true, true, false, true, true, true, true, false, false], fitness = 90.96774193548387 %, limit = 0, nrFeatures = 10 ]
Executado na iteração 29
Best FoodSource [ features = [true, true, false, false, false, false, false, false, true, true, true, true, false, true, true, true, true, false, false], fitness = 90.96774193548387 %, limit = 0, nrFeatures = 10 ]
Executado na iteração 30
Best FoodSource [ features = [true, true, false, false, false, false, false, false, true, true, true, true, false, true, true, true, true, false, false], fitness = 90.96774193548387 %, limit = 0, nrFeatures = 10 ]
Executado na iteração 31
Best FoodSource [ features = [true, true, false, false, false, false, false, false, true, true, true, true, false, true, true, true, true, false, false], fitness = 90.96774193548387 %, limit = 0, nrFeatures = 10 ]
Executado na iteração 32
Best FoodSource [ features = [true, true, false, false, false, false, false, false, true, true, true, true, false, true, true, true, true, false, false], fitness = 90.96774193548387 %, limit = 0, nrFeatures = 10 ]
Executado na iteração 33
Best FoodSource [ features = [true, true, false, false, false, false, false, false, true, true, true, true, false, true, true, true, true, false, false], fitness = 90.96774193548387 %, limit = 0, nrFeatures = 10 ]
Executado na iteração 34
Best FoodSource [ features = [true, true, false, false, false, false, false, false, true, true, true, true, false, true, true, true, true, false, false], fitness = 90.96774193548387 %, limit = 0, nrFeatures = 10 ]
Executado na iteração 35
Best FoodSource [ features = [true, true, false, false, false, false, false, false, true, true, true, true, false, true, true, true, true, false, false], fitness = 90.96774193548387 %, limit = 0, nrFeatures = 10 ]
Executado na iteração 36
Best FoodSource [ features = [true, true, false, false, false, false, false, false, true, true, true, true, false, true, true, true, true, false, false], fitness = 90.96774193548387 %, limit = 0, nrFeatures = 10 ]
Executado na iteração 37
Best FoodSource [ features = [true, true, false, false, false, false, false, false, true, true, true, true, false, true, true, true, true, false, false], fitness = 90.96774193548387 %, limit = 0, nrFeatures = 10 ]
Executado na iteração 38
Best FoodSource [ features = [true, true, false, false, false, false, false, false, true, true, true, true, false, true, true, true, true, false, false], fitness = 90.96774193548387 %, limit = 0, nrFeatures = 10 ]
Executado na iteração 39
Best FoodSource [ features = [true, true, false, false, false, false, false, false, true, true, true, true, false, true, true, true, true, false, false], fitness = 90.96774193548387 %, limit = 0, nrFeatures = 10 ]
Executado na iteração 40
Best FoodSource [ features = [true, true, false, false, false, false, false, false, true, true, true, true, false, true, true, true, true, false, false], fitness = 90.96774193548387 %, limit = 0, nrFeatures = 10 ]
Executado na iteração 41
Best FoodSource [ features = [true, true, false, false, false, false, false, false, true, true, true, true, false, true, true, true, true, false, false], fitness = 90.96774193548387 %, limit = 0, nrFeatures = 10 ]
Executado na iteração 42
Best FoodSource [ features = [true, true, false, false, false, false, false, false, true, true, true, true, false, true, true, true, true, false, false], fitness = 90.96774193548387 %, limit = 0, nrFeatures = 10 ]
Executado na iteração 43
Best FoodSource [ features = [true, true, false, false, false, false, false, false, true, true, true, true, false, true, true, true, true, false, false], fitness = 90.96774193548387 %, limit = 0, nrFeatures = 10 ]
Executado na iteração 44
Best FoodSource [ features = [true, true, false, false, false, false, false, false, true, true, true, true, false, true, true, true, true, false, false], fitness = 90.96774193548387 %, limit = 0, nrFeatures = 10 ]
Executado na iteração 45
Best FoodSource [ features = [true, true, false, false, false, false, false, false, true, true, true, true, false, true, true, true, true, false, false], fitness = 90.96774193548387 %, limit = 0, nrFeatures = 10 ]
Executado na iteração 46
Best FoodSource [ features = [true, true, false, false, false, false, false, false, true, true, true, true, false, true, true, true, true, false, false], fitness = 90.96774193548387 %, limit = 0, nrFeatures = 10 ]
Executado na iteração 47
Best FoodSource [ features = [true, true, false, false, false, false, false, false, true, true, true, true, false, true, true, true, true, false, false], fitness = 90.96774193548387 %, limit = 0, nrFeatures = 10 ]
Executado na iteração 48
Best FoodSource [ features = [true, true, false, false, false, false, false, false, true, true, true, true, false, true, true, true, true, false, false], fitness = 90.96774193548387 %, limit = 0, nrFeatures = 10 ]
Executado na iteração 49
Best FoodSource [ features = [true, true, false, false, false, false, false, false, true, true, true, true, false, true, true, true, true, false, false], fitness = 90.96774193548387 %, limit = 0, nrFeatures = 10 ]
Executado na iteração 50
Best FoodSource [ features = [true, true, false, false, false, false, false, false, true, true, true, true, false, true, true, true, true, false, false], fitness = 90.96774193548387 %, limit = 0, nrFeatures = 10 ]
Executado na iteração 51
Best FoodSource [ features = [true, true, false, false, false, false, false, false, true, true, true, true, false, true, true, true, true, false, false], fitness = 90.96774193548387 %, limit = 0, nrFeatures = 10 ]
Executado na iteração 52
Best FoodSource [ features = [true, true, false, false, false, false, false, false, true, true, true, true, false, true, true, true, true, false, false], fitness = 90.96774193548387 %, limit = 0, nrFeatures = 10 ]
Executado na iteração 53
Best FoodSource [ features = [true, true, false, false, false, false, false, false, true, true, true, true, false, true, true, true, true, false, false], fitness = 90.96774193548387 %, limit = 0, nrFeatures = 10 ]
Executado na iteração 54
Best FoodSource [ features = [true, true, false, false, false, false, false, false, true, true, true, true, false, true, true, true, true, false, false], fitness = 90.96774193548387 %, limit = 0, nrFeatures = 10 ]
Executado na iteração 55
Best FoodSource [ features = [true, true, false, false, false, false, false, false, true, true, true, true, false, true, true, true, true, false, false], fitness = 90.96774193548387 %, limit = 0, nrFeatures = 10 ]
Executado na iteração 56
Best FoodSource [ features = [true, true, false, false, false, false, false, false, true, true, true, true, false, true, true, true, true, false, false], fitness = 90.96774193548387 %, limit = 0, nrFeatures = 10 ]
Executado na iteração 57
Best FoodSource [ features = [true, true, false, false, false, false, false, false, true, true, true, true, false, true, true, true, true, false, false], fitness = 90.96774193548387 %, limit = 0, nrFeatures = 10 ]
Executado na iteração 58
Best FoodSource [ features = [true, true, false, false, false, false, false, false, true, true, true, true, false, true, true, true, true, false, false], fitness = 90.96774193548387 %, limit = 0, nrFeatures = 10 ]
Executado na iteração 59
Best FoodSource [ features = [true, true, false, false, false, false, false, false, true, true, true, true, false, true, true, true, true, false, false], fitness = 90.96774193548387 %, limit = 0, nrFeatures = 10 ]
Executado na iteração 60
Best FoodSource [ features = [true, true, false, false, false, false, false, false, true, true, true, true, false, true, true, true, true, false, false], fitness = 90.96774193548387 %, limit = 0, nrFeatures = 10 ]
Executado na iteração 61
Best FoodSource [ features = [true, true, false, false, false, false, false, false, true, true, true, true, false, true, true, true, true, false, false], fitness = 90.96774193548387 %, limit = 0, nrFeatures = 10 ]
Executado na iteração 62
Best FoodSource [ features = [true, true, false, false, false, false, false, false, true, true, true, true, false, true, true, true, true, false, false], fitness = 90.96774193548387 %, limit = 0, nrFeatures = 10 ]
Executado na iteração 63
Best FoodSource [ features = [true, true, false, false, false, false, false, false, true, true, true, true, false, true, true, true, true, false, false], fitness = 90.96774193548387 %, limit = 0, nrFeatures = 10 ]
Executado na iteração 64
Best FoodSource [ features = [true, true, false, false, false, false, false, false, true, true, true, true, false, true, true, true, true, false, false], fitness = 90.96774193548387 %, limit = 0, nrFeatures = 10 ]
Executado na iteração 65
Best FoodSource [ features = [true, true, false, false, false, false, false, false, true, true, true, true, false, true, true, true, true, false, false], fitness = 90.96774193548387 %, limit = 0, nrFeatures = 10 ]
Executado na iteração 66
Best FoodSource [ features = [true, true, false, false, false, false, false, false, true, true, true, true, false, true, true, true, true, false, false], fitness = 90.96774193548387 %, limit = 0, nrFeatures = 10 ]
Executado na iteração 67
Best FoodSource [ features = [true, true, false, false, false, false, false, false, true, true, true, true, false, true, true, true, true, false, false], fitness = 90.96774193548387 %, limit = 0, nrFeatures = 10 ]
Executado na iteração 68
Best FoodSource [ features = [true, true, false, false, false, false, false, false, true, true, true, true, false, true, true, true, true, false, false], fitness = 90.96774193548387 %, limit = 0, nrFeatures = 10 ]
Executado na iteração 69
Best FoodSource [ features = [true, true, false, false, false, false, false, false, true, true, true, true, false, true, true, true, true, false, false], fitness = 90.96774193548387 %, limit = 0, nrFeatures = 10 ]
Executado na iteração 70
Best FoodSource [ features = [true, true, false, false, false, false, false, false, true, true, true, true, false, true, true, true, true, false, false], fitness = 90.96774193548387 %, limit = 0, nrFeatures = 10 ]
Executado na iteração 71
Best FoodSource [ features = [true, true, false, false, false, false, false, false, true, true, true, true, false, true, true, true, true, false, false], fitness = 90.96774193548387 %, limit = 0, nrFeatures = 10 ]
Executado na iteração 72
Best FoodSource [ features = [true, true, false, false, false, false, false, false, true, true, true, true, false, true, true, true, true, false, false], fitness = 90.96774193548387 %, limit = 0, nrFeatures = 10 ]
Executado na iteração 73
Best FoodSource [ features = [true, true, false, false, false, false, false, false, true, true, true, true, false, true, true, true, true, false, false], fitness = 90.96774193548387 %, limit = 0, nrFeatures = 10 ]
Executado na iteração 74
Best FoodSource [ features = [true, true, false, false, false, false, false, false, true, true, true, true, false, true, true, true, true, false, false], fitness = 90.96774193548387 %, limit = 0, nrFeatures = 10 ]
Executado na iteração 75
Best FoodSource [ features = [true, true, false, false, false, false, false, false, true, true, true, true, false, true, true, true, true, false, false], fitness = 90.96774193548387 %, limit = 0, nrFeatures = 10 ]
Executado na iteração 76
Best FoodSource [ features = [true, true, false, false, false, false, false, false, true, true, true, true, false, true, true, true, true, false, false], fitness = 90.96774193548387 %, limit = 0, nrFeatures = 10 ]
Executado na iteração 77
Best FoodSource [ features = [true, true, false, false, false, false, false, false, true, true, true, true, false, true, true, true, true, false, false], fitness = 90.96774193548387 %, limit = 0, nrFeatures = 10 ]
Executado na iteração 78
Best FoodSource [ features = [true, true, false, false, false, false, false, false, true, true, true, true, false, true, true, true, true, false, false], fitness = 90.96774193548387 %, limit = 0, nrFeatures = 10 ]
Executado na iteração 79
Best FoodSource [ features = [true, true, false, false, false, false, false, false, true, true, true, true, false, true, true, true, true, false, false], fitness = 90.96774193548387 %, limit = 0, nrFeatures = 10 ]
Executado na iteração 80
Best FoodSource [ features = [true, true, false, false, false, false, false, false, true, true, true, true, false, true, true, true, true, false, false], fitness = 90.96774193548387 %, limit = 0, nrFeatures = 10 ]
Executado na iteração 81
Best FoodSource [ features = [true, true, false, false, false, false, false, false, true, true, true, true, false, true, true, true, true, false, false], fitness = 90.96774193548387 %, limit = 0, nrFeatures = 10 ]
Executado na iteração 82
Best FoodSource [ features = [true, true, false, false, false, false, false, false, true, true, true, true, false, true, true, true, true, false, false], fitness = 90.96774193548387 %, limit = 0, nrFeatures = 10 ]
Executado na iteração 83
Best FoodSource [ features = [true, true, false, false, false, false, false, false, true, true, true, true, false, true, true, true, true, false, false], fitness = 90.96774193548387 %, limit = 0, nrFeatures = 10 ]
Executado na iteração 84
Best FoodSource [ features = [true, true, false, false, false, false, false, false, true, true, true, true, false, true, true, true, true, false, false], fitness = 90.96774193548387 %, limit = 0, nrFeatures = 10 ]
Executado na iteração 85
Best FoodSource [ features = [true, true, false, false, false, false, false, false, true, true, true, true, false, true, true, true, true, false, false], fitness = 90.96774193548387 %, limit = 0, nrFeatures = 10 ]
Executado na iteração 86
Best FoodSource [ features = [true, true, false, false, false, false, false, false, true, true, true, true, false, true, true, true, true, false, false], fitness = 90.96774193548387 %, limit = 0, nrFeatures = 10 ]
Executado na iteração 87
Best FoodSource [ features = [true, true, false, false, false, false, false, false, true, true, true, true, false, true, true, true, true, false, false], fitness = 90.96774193548387 %, limit = 0, nrFeatures = 10 ]
Executado na iteração 88
Best FoodSource [ features = [true, true, false, false, false, false, false, false, true, true, true, true, false, true, true, true, true, false, false], fitness = 90.96774193548387 %, limit = 0, nrFeatures = 10 ]
Executado na iteração 89
Best FoodSource [ features = [true, true, false, false, false, false, false, false, true, true, true, true, false, true, true, true, true, false, false], fitness = 90.96774193548387 %, limit = 0, nrFeatures = 10 ]
Executado na iteração 90
Best FoodSource [ features = [true, true, false, false, false, false, false, false, true, true, true, true, false, true, true, true, true, false, false], fitness = 90.96774193548387 %, limit = 0, nrFeatures = 10 ]
Executado na iteração 91
Best FoodSource [ features = [true, true, false, false, false, false, false, false, true, true, true, true, false, true, true, true, true, false, false], fitness = 90.96774193548387 %, limit = 0, nrFeatures = 10 ]
Executado na iteração 92
Best FoodSource [ features = [true, true, false, false, false, false, false, false, true, true, true, true, false, true, true, true, true, false, false], fitness = 90.96774193548387 %, limit = 0, nrFeatures = 10 ]
Executado na iteração 93
Best FoodSource [ features = [true, true, false, false, false, false, false, false, true, true, true, true, false, true, true, true, true, false, false], fitness = 90.96774193548387 %, limit = 0, nrFeatures = 10 ]
Executado na iteração 94
Best FoodSource [ features = [true, true, false, false, false, false, false, false, true, true, true, true, false, true, true, true, true, false, false], fitness = 90.96774193548387 %, limit = 0, nrFeatures = 10 ]
Executado na iteração 95
Best FoodSource [ features = [true, true, false, false, false, false, false, false, true, true, true, true, false, true, true, true, true, false, false], fitness = 90.96774193548387 %, limit = 0, nrFeatures = 10 ]
Executado na iteração 96
Best FoodSource [ features = [true, true, false, false, false, false, false, false, true, true, true, true, false, true, true, true, true, false, false], fitness = 90.96774193548387 %, limit = 0, nrFeatures = 10 ]
Executado na iteração 97
Best FoodSource [ features = [true, true, false, false, false, false, false, false, true, true, true, true, false, true, true, true, true, false, false], fitness = 90.96774193548387 %, limit = 0, nrFeatures = 10 ]
Executado na iteração 98
Best FoodSource [ features = [true, true, false, false, false, false, false, false, true, true, true, true, false, true, true, true, true, false, false], fitness = 90.96774193548387 %, limit = 0, nrFeatures = 10 ]
Executado na iteração 99
