

AutosFeatureSelectionExecution
executeFullFeaturesWithNoFilters
Full 32.68292682926829 %
executeWithNoFilter
Feature Selection START--------------------------------------------------------------------------------------------------------
Runtime [100], Limit [6], MR [0.1], perturbation [USE_MR
Best FoodSource [ features = [true, true, false, false, true, true, false, false, true, false, true, false, false, true, true, false, false, true, false, false, false, false, false, false, false], fitness = 82.92682926829268 %, limit = 0, nrFeatures = 9 ]
Executado em 35 percorrendo 21286 estados
Feature Selection END----------------------------------------------------------------------------------------------------------


BCancerFeatureSelectionExecution
executeFullFeaturesZScore
Full 73.07692307692308 %
executeWithZScore
Feature Selection START--------------------------------------------------------------------------------------------------------
Runtime [100], Limit [6], MR [0.1], perturbation [USE_MR
Best FoodSource [ features = [false, false, false, false, true, true, true, false, true], fitness = 75.87412587412588 %, limit = 0, nrFeatures = 4 ]
Executado em 0 percorrendo 164 estados
Feature Selection END----------------------------------------------------------------------------------------------------------


DiabetesFeatureSelectionExecution
executeFullFeaturesWithNoFilters
Full 65.10416666666667 %
executeWithNoFilter
Feature Selection START--------------------------------------------------------------------------------------------------------
Runtime [100], Limit [6], MR [0.1], perturbation [USE_MR
Best FoodSource [ features = [false, true, false, false, false, false, false, false], fitness = 71.484375 %, limit = 0, nrFeatures = 1 ]
Executado em 0 percorrendo 86 estados
Feature Selection END----------------------------------------------------------------------------------------------------------


GlassFeatureSelectionExecution
executeFullFeaturesWithNoFilters
Full 68.69158878504673 %
executeWithNoFilter
Feature Selection START--------------------------------------------------------------------------------------------------------
Runtime [100], Limit [6], MR [0.1], perturbation [USE_MR
Best FoodSource [ features = [true, true, true, true, false, false, true, true, true], fitness = 71.02803738317758 %, limit = 0, nrFeatures = 7 ]
Executado em 0 percorrendo 80 estados
Feature Selection END----------------------------------------------------------------------------------------------------------


HeartCFeatureSelectionExecution
executeFullFeaturesWithNoFilters
Full 54.78547854785479 %
executeWithNoFilter
Feature Selection START--------------------------------------------------------------------------------------------------------
Runtime [100], Limit [6], MR [0.1], perturbation [USE_MR
Best FoodSource [ features = [false, true, true, false, false, true, true, false, false, false, true, true, true], fitness = 83.82838283828383 %, limit = 0, nrFeatures = 7 ]
Executado em 0 percorrendo 523 estados
Feature Selection END----------------------------------------------------------------------------------------------------------


HeartStatlogFeatureSelectionExecution
executeFullFeaturesWithNoFilters
Full 55.925925925925924 %
executeWithNoFilter
Feature Selection START--------------------------------------------------------------------------------------------------------
Runtime [100], Limit [6], MR [0.1], perturbation [USE_MR
Best FoodSource [ features = [false, true, true, false, false, false, false, false, true, false, false, true, true], fitness = 85.92592592592592 %, limit = 0, nrFeatures = 5 ]
Executado em 0 percorrendo 394 estados
Feature Selection END----------------------------------------------------------------------------------------------------------


HepaticFeatureSelectionExecution
executeFullFeaturesWithNoFilters
Full 79.35483870967742 %
executeWithNoFilter
Feature Selection START--------------------------------------------------------------------------------------------------------
Runtime [100], Limit [6], MR [0.1], perturbation [USE_MR
Best FoodSource [ features = [false, false, true, false, true, true, true, true, true, true, true, true, false, false, false, false, true, false, true], fitness = 87.09677419354838 %, limit = 0, nrFeatures = 11 ]
Executado em 4 percorrendo 7011 estados
Feature Selection END----------------------------------------------------------------------------------------------------------


IrisFeatureSelectionExecution
executeFullFeaturesWithNoFilters
Full 96.66666666666667 %
executeWithNoFilter
Feature Selection START--------------------------------------------------------------------------------------------------------
Runtime [20], Limit [6], MR [0.1], perturbation [USE_MR
Best FoodSource [ features = [false, true, true, true], fitness = 97.33333333333333 %, limit = 0, nrFeatures = 3 ]
Executado em 0 percorrendo 15 estados
Feature Selection END----------------------------------------------------------------------------------------------------------


LaborFeatureSelectionExecution
executeFullFeaturesZScore
Full 89.47368421052632 %
executeWithZScore
Feature Selection START--------------------------------------------------------------------------------------------------------
Runtime [100], Limit [6], MR [0.1], perturbation [USE_MR
Best FoodSource [ features = [false, true, true, true, true, true, false, false, true, true, true, false, true, true, false, true], fitness = 98.24561403508773 %, limit = 0, nrFeatures = 11 ]
Executado em 0 percorrendo 1376 estados
Feature Selection END----------------------------------------------------------------------------------------------------------


ZooFeatureSelectionExecution
executeFullFeaturesWithNoFilters
Full 49.504950495049506 %
executeWithNoFilter
Feature Selection START--------------------------------------------------------------------------------------------------------
Runtime [100], Limit [6], MR [0.1], perturbation [USE_MR
Best FoodSource [ features = [false, false, true, false, true, false, false, false, true, false, true, false, false, true, false, false, false], fitness = 95.04950495049505 %, limit = 0, nrFeatures = 5 ]
Executado em 0 percorrendo 1687 estados
Feature Selection END----------------------------------------------------------------------------------------------------------


ImageSegmentationFeatureSelectionExecution
executeFullFeaturesWithNoFilters
Full 65.36796536796537 %
executeWithNoFilter
Feature Selection START--------------------------------------------------------------------------------------------------------
Runtime [100], Limit [6], MR [0.1], perturbation [USE_MR
